DEBUG   |180215 04:47:48|Fetching filter data from database
DEBUG   |180215 04:47:48|Loading filters
DEBUG   |180215 04:47:48|-- Loading filter Regextables
DEBUG   |180215 04:47:48|-- Loading filter Regexskipfiles
DEBUG   |180215 04:47:48|-- Loading filter Incremental
DEBUG   |180215 04:47:48|-- Loading filter Regexfiles
DEBUG   |180215 04:47:48|-- Loading filter Extradirs
DEBUG   |180215 04:47:48|-- Loading filter Tables
DEBUG   |180215 04:47:48|-- Loading filter Skipdirs
DEBUG   |180215 04:47:48|-- Loading filter Directories
DEBUG   |180215 04:47:48|-- Loading filter Multidb
DEBUG   |180215 04:47:48|-- Loading filter Regexskipdirs
DEBUG   |180215 04:47:48|-- Loading filter Regexdirectories
DEBUG   |180215 04:47:48|-- Loading filter Files
DEBUG   |180215 04:47:48|-- Loading filter Regextabledata
DEBUG   |180215 04:47:48|-- Loading filter Skipfiles
DEBUG   |180215 04:47:48|-- Loading filter Tabledata
DEBUG   |180215 04:47:48|-- Loading filter Sitedb
DEBUG   |180215 04:47:48|-- Loading filter Joomlaskipfiles
DEBUG   |180215 04:47:48|-- Loading filter Systemcachefiles
DEBUG   |180215 04:47:48|-- Loading filter Libraries
DEBUG   |180215 04:47:48|-- Loading filter Excludefiles
DEBUG   |180215 04:47:48|-- Loading filter Excludetabledata
DEBUG   |180215 04:47:48|-- Loading filter Cvsfolders
DEBUG   |180215 04:47:48|-- Loading filter Excludefolders
DEBUG   |180215 04:47:48|-- Loading filter Joomlaskipdirs
DEBUG   |180215 04:47:48|-- Loading filter Siteroot
DEBUG   |180215 04:47:48|Loading optional filters
DEBUG   |180215 04:47:48|-- Loading optional filter Stack\StackHoststats
DEBUG   |180215 04:47:48|-- Loading optional filter Stack\StackErrorlogs
DEBUG   |180215 04:47:48|-- Loading optional filter Stack\StackFinder
DEBUG   |180215 04:47:48|-- Loading optional filter Stack\StackMyjoomla
